<?xml version="1.0" encoding="UTF-8"?>
<testng-results ignored="0" total="1" passed="1" failed="0" skipped="0">
  <reporter-output>
  </reporter-output>
  <suite started-at="2025-07-25T10:35:42 IST" name="Default suite" finished-at="2025-07-25T10:35:57 IST" duration-ms="14381">
    <groups>
      <group name="cucumber">
        <method signature="AbstractTestNGCucumberTests.runScenario(io.cucumber.testng.PickleWrapper,io.cucumber.testng.FeatureWrapper)[pri:0, instance:Runner_Package.SwagLabOrder_Runner@587e5365]" name="runScenario" class="io.cucumber.testng.AbstractTestNGCucumberTests"/>
      </group> <!-- cucumber -->
    </groups>
    <test started-at="2025-07-25T10:35:42 IST" name="Default test" finished-at="2025-07-25T10:35:57 IST" duration-ms="14381">
      <class name="Runner_Package.SwagLabOrder_Runner">
        <test-method is-config="true" signature="setUpClass(org.testng.ITestContext)[pri:0, instance:Runner_Package.SwagLabOrder_Runner@587e5365]" started-at="2025-07-25T10:35:42 IST" name="setUpClass" finished-at="2025-07-25T10:35:43 IST" duration-ms="529" status="PASS">
          <params>
            <param index="0">
              <value>
                <![CDATA[org.testng.TestRunner@114a5e0]]>
              </value>
            </param>
          </params>
          <reporter-output>
          </reporter-output>
        </test-method> <!-- setUpClass -->
        <test-method signature="runScenario(io.cucumber.testng.PickleWrapper,io.cucumber.testng.FeatureWrapper)[pri:0, instance:Runner_Package.SwagLabOrder_Runner@587e5365]" started-at="2025-07-25T10:35:43 IST" name="runScenario" description="Runs Cucumber Scenarios" data-provider="scenarios" finished-at="2025-07-25T10:35:54 IST" duration-ms="10995" status="PASS">
          <params>
            <param index="0">
              <value>
                <![CDATA["S6 : Purchase the Back-pack"]]>
              </value>
            </param>
            <param index="1">
              <value>
                <![CDATA["SwagLab Order Back Pack"]]>
              </value>
            </param>
          </params>
          <reporter-output>
          </reporter-output>
        </test-method> <!-- runScenario -->
        <test-method is-config="true" signature="tearDownClass()[pri:0, instance:Runner_Package.SwagLabOrder_Runner@587e5365]" started-at="2025-07-25T10:35:54 IST" name="tearDownClass" finished-at="2025-07-25T10:35:57 IST" duration-ms="2820" status="PASS">
          <reporter-output>
          </reporter-output>
        </test-method> <!-- tearDownClass -->
      </class> <!-- Runner_Package.SwagLabOrder_Runner -->
    </test> <!-- Default test -->
  </suite> <!-- Default suite -->
</testng-results>
